<?xml version="1.0" encoding="UTF-8"?>
<!-- Generated by org.testng.reporters.JUnitXMLReporter -->
<testsuite hostname="MSI" ignored="0" name="Test" tests="3" failures="1" timestamp="2020-07-01T20:31:28 EDT" time="8.137" errors="0">
  <testcase name="positiveLogin" time="8.082" classname="testngdemo.TestNGDemo"/>
  <testcase name="testCase2" time="0.003" classname="testngdemo.TestNGDemo"/>
  <testcase name="testCase3" time="0.004" classname="testngdemo.TestNGDemo">
    <failure type="java.lang.AssertionError" message="expected [true] but found [false]">
      <![CDATA[java.lang.AssertionError: expected [true] but found [false]
at testngdemo.TestNGDemo.testCase3(TestNGDemo.java:25)
at java.util.ArrayList.forEach(Unknown Source)
... Removed 31 stack frames]]>
    </failure>
  </testcase> <!-- testCase3 -->
</testsuite> <!-- Test -->
