<?xml version="1.0" encoding="UTF-8"?>
<!-- Generated by org.testng.reporters.JUnitXMLReporter -->
<testsuite hostname="MSI" ignored="19" name="Login Tests" tests="5" failures="2" timestamp="2020-07-03T23:53:15 EDT" time="0.051" errors="0">
  <testcase name="zTest" time="0.006" classname="july3.TestOrder"/>
  <testcase name="testCase1DB" time="0.001" classname="testngdemo.DatabaseTests"/>
  <testcase name="testCase2DB" time="0.001" classname="testngdemo.DatabaseTests"/>
  <testcase name="negativeLogin" time="0.004" classname="testngdemo.LoginTests">
    <failure type="java.lang.NullPointerException">
      <![CDATA[java.lang.NullPointerException
at testngdemo.LoginTests.negativeLogin(LoginTests.java:70)
at java.util.ArrayList.forEach(Unknown Source)
... Removed 27 stack frames]]>
    </failure>
  </testcase> <!-- negativeLogin -->
  <testcase name="positiveLogin" time="0.001" classname="testngdemo.LoginTests">
    <failure type="java.lang.NullPointerException">
      <![CDATA[java.lang.NullPointerException
at testngdemo.LoginTests.positiveLogin(LoginTests.java:49)
at java.util.ArrayList.forEach(Unknown Source)
... Removed 27 stack frames]]>
    </failure>
  </testcase> <!-- positiveLogin -->
  <testcase name="test1" time="0.0" classname="testngdemo.TestOrderOfExecution">
    <ignored/>
  </testcase> <!-- test1 -->
  <testcase name="testCase2" time="0.0" classname="testngdemo.TestNGDemo">
    <ignored/>
  </testcase> <!-- testCase2 -->
  <testcase name="negativeLogin" time="0.0" classname="io.duotech.uiTests.Login">
    <ignored/>
  </testcase> <!-- negativeLogin -->
  <testcase name="test1" time="0.0" classname="io.duotech.uiTests.TestOrder">
    <ignored/>
  </testcase> <!-- test1 -->
  <testcase name="dTest" time="0.0" classname="july3.TestOrder">
    <ignored/>
  </testcase> <!-- dTest -->
  <testcase name="testCase1DB" time="0.0" classname="io.duotech.uiTests.DB">
    <ignored/>
  </testcase> <!-- testCase1DB -->
  <testcase name="xTest" time="0.0" classname="july3.TestOrder">
    <ignored/>
  </testcase> <!-- xTest -->
  <testcase name="positiveLogin" time="0.0" classname="io.duotech.uiTests.TestNG">
    <ignored/>
  </testcase> <!-- positiveLogin -->
  <testcase name="aTest" time="0.0" classname="july3.TestOrder">
    <ignored/>
  </testcase> <!-- aTest -->
  <testcase name="testCase3" time="0.0" classname="io.duotech.uiTests.TestNG">
    <ignored/>
  </testcase> <!-- testCase3 -->
  <testcase name="testCase2" time="0.0" classname="io.duotech.uiTests.TestNG">
    <ignored/>
  </testcase> <!-- testCase2 -->
  <testcase name="testCase2DB" time="0.0" classname="io.duotech.uiTests.DB">
    <ignored/>
  </testcase> <!-- testCase2DB -->
  <testcase name="TC_001_Database_verifyDbCredentials" time="0.0" classname="io.duotech.uiTests.DB">
    <ignored/>
  </testcase> <!-- TC_001_Database_verifyDbCredentials -->
  <testcase name="positiveLogin" time="0.0" classname="io.duotech.uiTests.Login">
    <ignored/>
  </testcase> <!-- positiveLogin -->
  <testcase name="TC_002_Database_verifyConnection" time="0.0" classname="io.duotech.uiTests.DB">
    <ignored/>
  </testcase> <!-- TC_002_Database_verifyConnection -->
  <testcase name="test2" time="0.0" classname="io.duotech.uiTests.TestOrder">
    <ignored/>
  </testcase> <!-- test2 -->
  <testcase name="testCase3" time="0.0" classname="testngdemo.TestNGDemo">
    <ignored/>
  </testcase> <!-- testCase3 -->
  <testcase name="positiveLogin" time="0.0" classname="testngdemo.TestNGDemo">
    <ignored/>
  </testcase> <!-- positiveLogin -->
  <testcase name="test2" time="0.0" classname="testngdemo.TestOrderOfExecution">
    <ignored/>
  </testcase> <!-- test2 -->
</testsuite> <!-- Login Tests -->
