<?xml version="1.0" encoding="UTF-8"?>
<!-- Generated by org.testng.reporters.JUnitXMLReporter -->
<testsuite hostname="MSI" ignored="0" name="Default test" tests="4" failures="0" timestamp="2020-07-04T00:01:13 EDT" time="0.032" errors="0">
  <testcase name="TC_001_Database_verifyDbCredentials" time="0.006" classname="io.duotech.uiTests.DB"/>
  <testcase name="TC_002_Database_verifyConnection" time="0.001" classname="io.duotech.uiTests.DB"/>
  <testcase name="testCase1DB" time="0.0" classname="io.duotech.uiTests.DB"/>
  <testcase name="testCase2DB" time="0.001" classname="io.duotech.uiTests.DB"/>
</testsuite> <!-- Default test -->
