<?xml version="1.0" encoding="UTF-8"?>
<!-- Generated by org.testng.reporters.JUnitXMLReporter -->
<testsuite hostname="MSI" ignored="0" name="Default test" tests="6" failures="0" timestamp="2020-07-08T21:57:19 EDT" time="35.903" errors="0">
  <testcase name="search" time="7.397" classname="july8.DataProviderDemo"/>
  <testcase name="search" time="6.366" classname="july8.DataProviderDemo"/>
  <testcase name="search" time="5.726" classname="july8.DataProviderDemo"/>
  <testcase name="search" time="5.466" classname="july8.DataProviderDemo"/>
  <testcase name="search" time="5.304" classname="july8.DataProviderDemo"/>
  <testcase name="search" time="5.608" classname="july8.DataProviderDemo"/>
</testsuite> <!-- Default test -->
