<?xml version="1.0" encoding="UTF-8"?>
<testng-results skipped="0" failed="0" ignored="0" total="4" passed="4">
  <reporter-output>
  </reporter-output>
  <suite name="Default suite" duration-ms="32" started-at="2020-07-04T00:01:13 EDT" finished-at="2020-07-04T00:01:13 EDT">
    <groups>
    </groups>
    <test name="Default test" duration-ms="32" started-at="2020-07-04T00:01:13 EDT" finished-at="2020-07-04T00:01:13 EDT">
      <class name="io.duotech.uiTests.DB">
        <test-method status="PASS" signature="TC_001_Database_verifyDbCredentials()[pri:0, instance:io.duotech.uiTests.DB@210366b4]" name="TC_001_Database_verifyDbCredentials" duration-ms="6" started-at="2020-07-04T00:01:13 EDT" finished-at="2020-07-04T00:01:13 EDT">
          <reporter-output>
          </reporter-output>
        </test-method> <!-- TC_001_Database_verifyDbCredentials -->
        <test-method status="PASS" signature="TC_002_Database_verifyConnection()[pri:0, instance:io.duotech.uiTests.DB@210366b4]" name="TC_002_Database_verifyConnection" duration-ms="1" started-at="2020-07-04T00:01:13 EDT" finished-at="2020-07-04T00:01:13 EDT">
          <reporter-output>
          </reporter-output>
        </test-method> <!-- TC_002_Database_verifyConnection -->
        <test-method status="PASS" signature="testCase1DB()[pri:0, instance:io.duotech.uiTests.DB@210366b4]" name="testCase1DB" duration-ms="0" started-at="2020-07-04T00:01:13 EDT" finished-at="2020-07-04T00:01:13 EDT">
          <reporter-output>
          </reporter-output>
        </test-method> <!-- testCase1DB -->
        <test-method status="PASS" signature="testCase2DB()[pri:0, instance:io.duotech.uiTests.DB@210366b4]" name="testCase2DB" duration-ms="1" started-at="2020-07-04T00:01:13 EDT" finished-at="2020-07-04T00:01:13 EDT">
          <reporter-output>
          </reporter-output>
        </test-method> <!-- testCase2DB -->
      </class> <!-- io.duotech.uiTests.DB -->
    </test> <!-- Default test -->
  </suite> <!-- Default suite -->
</testng-results>
